<?xml version="1.0" encoding="UTF-8"?>
<!-- Generated by org.testng.reporters.JUnitReportReporter -->
<testsuite hostname="macbooks-MacBook-Air.local" name="com.demo.testCase.LoginPageTest" tests="2" failures="0" timestamp="12 Jan 2020 11:10:51 GMT" time="19.606" errors="0">
  <testcase name="LoginPageTitleTest" time="9.695" classname="com.demo.testCase.LoginPageTest"/>
  <testcase name="LoginTest" time="9.911" classname="com.demo.testCase.LoginPageTest"/>
</testsuite> <!-- com.demo.testCase.LoginPageTest -->
