<?xml version="1.0" encoding="UTF-8"?>
<!-- Generated by org.testng.reporters.JUnitReportReporter -->
<testsuite hostname="macbooks-MacBook-Air.local" name="com.demo.testCase.LoginPageTest" tests="2" failures="0" timestamp="11 Jan 2020 20:45:53 GMT" time="18.656" errors="0">
  <testcase name="LoginPageTitleTest" time="8.864" classname="com.demo.testCase.LoginPageTest"/>
  <testcase name="LoginTest" time="9.792" classname="com.demo.testCase.LoginPageTest"/>
</testsuite> <!-- com.demo.testCase.LoginPageTest -->
